<?xml version="1.0" encoding="UTF-8"?>
<testsuite name="com.example.demo.CicdTestApplicationTests" tests="1" skipped="0" failures="0" errors="0" timestamp="2026-03-13T07:10:40.248Z" hostname="ILA" time="3.684">
  <properties/>
  <testcase name="contextLoads()" classname="com.example.demo.CicdTestApplicationTests" time="0.377"/>
  <system-out><![CDATA[16:10:40.416 [Test worker] INFO org.springframework.test.context.support.AnnotationConfigContextLoaderUtils -- Could not detect default configuration classes for test class [com.example.demo.CicdTestApplicationTests]: CicdTestApplicationTests does not declare any static, non-private, non-final, nested classes annotated with @Configuration.
16:10:40.499 [Test worker] INFO org.springframework.boot.test.context.SpringBootTestContextBootstrapper -- Found @SpringBootConfiguration com.example.demo.CicdTestApplication for test class com.example.demo.CicdTestApplicationTests

  .   ____          _            __ _ _
 /\\ / ___'_ __ _ _(_)_ __  __ _ \ \ \ \
( ( )\___ | '_ | '_| | '_ \/ _` | \ \ \ \
 \\/  ___)| |_)| | | | | || (_| |  ) ) ) )
  '  |____| .__|_| |_|_| |_\__, | / / / /
 =========|_|==============|___/=/_/_/_/

 :: Spring Boot ::                (v4.0.3)

2026-03-13T16:10:40.972+09:00  INFO 17780 --- [cicd_test] [    Test worker] c.example.demo.CicdTestApplicationTests  : Starting CicdTestApplicationTests using Java 21.0.10 with PID 17780 (started by ia326 in D:\spring_study\cicd_test)
2026-03-13T16:10:40.973+09:00  INFO 17780 --- [cicd_test] [    Test worker] c.example.demo.CicdTestApplicationTests  : No active profile set, falling back to 1 default profile: "default"
2026-03-13T16:10:41.513+09:00  INFO 17780 --- [cicd_test] [    Test worker] .s.d.r.c.RepositoryConfigurationDelegate : Bootstrapping Spring Data JPA repositories in DEFAULT mode.
2026-03-13T16:10:41.533+09:00  INFO 17780 --- [cicd_test] [    Test worker] .s.d.r.c.RepositoryConfigurationDelegate : Finished Spring Data repository scanning in 12 ms. Found 0 JPA repository interfaces.
2026-03-13T16:10:41.859+09:00  INFO 17780 --- [cicd_test] [    Test worker] org.hibernate.orm.jpa                    : HHH008540: Processing PersistenceUnitInfo [name: default]
2026-03-13T16:10:41.902+09:00  INFO 17780 --- [cicd_test] [    Test worker] org.hibernate.orm.core                   : HHH000001: Hibernate ORM core version 7.2.4.Final
2026-03-13T16:10:42.365+09:00  INFO 17780 --- [cicd_test] [    Test worker] o.s.o.j.p.SpringPersistenceUnitInfo      : No LoadTimeWeaver setup: ignoring JPA class transformer
2026-03-13T16:10:42.386+09:00  INFO 17780 --- [cicd_test] [    Test worker] com.zaxxer.hikari.HikariDataSource       : HikariPool-1 - Starting...
2026-03-13T16:10:42.552+09:00  INFO 17780 --- [cicd_test] [    Test worker] com.zaxxer.hikari.pool.HikariPool        : HikariPool-1 - Added connection org.postgresql.jdbc.PgConnection@2a5efbb9
2026-03-13T16:10:42.553+09:00  INFO 17780 --- [cicd_test] [    Test worker] com.zaxxer.hikari.HikariDataSource       : HikariPool-1 - Start completed.
2026-03-13T16:10:42.619+09:00  INFO 17780 --- [cicd_test] [    Test worker] org.hibernate.orm.connections.pooling    : HHH10001005: Database info:
	Database JDBC URL [jdbc:postgresql://localhost:5432/cicd]
	Database driver: PostgreSQL JDBC Driver
	Database dialect: PostgreSQLDialect
	Database version: 18.3
	Default catalog/schema: cicd/public
	Autocommit mode: undefined/unknown
	Isolation level: READ_COMMITTED [default READ_COMMITTED]
	JDBC fetch size: none
	Pool: DataSourceConnectionProvider
	Minimum pool size: undefined/unknown
	Maximum pool size: undefined/unknown
2026-03-13T16:10:42.898+09:00  INFO 17780 --- [cicd_test] [    Test worker] org.hibernate.orm.core                   : HHH000489: No JTA platform available (set 'hibernate.transaction.jta.platform' to enable JTA platform integration)
2026-03-13T16:10:42.910+09:00  INFO 17780 --- [cicd_test] [    Test worker] j.LocalContainerEntityManagerFactoryBean : Initialized JPA EntityManagerFactory for persistence unit 'default'
2026-03-13T16:10:43.035+09:00  WARN 17780 --- [cicd_test] [    Test worker] JpaBaseConfiguration$JpaWebConfiguration : spring.jpa.open-in-view is enabled by default. Therefore, database queries may be performed during view rendering. Explicitly configure spring.jpa.open-in-view to disable this warning
2026-03-13T16:10:43.540+09:00  INFO 17780 --- [cicd_test] [    Test worker] c.example.demo.CicdTestApplicationTests  : Started CicdTestApplicationTests in 2.894 seconds (process running for 4.18)
]]></system-out>
  <system-err><![CDATA[Mockito is currently self-attaching to enable the inline-mock-maker. This will no longer work in future releases of the JDK. Please add Mockito as an agent to your build as described in Mockito's documentation: https://javadoc.io/doc/org.mockito/mockito-core/latest/org.mockito/org/mockito/Mockito.html#0.3
WARNING: A Java agent has been loaded dynamically (C:\Users\ia326\.gradle\caches\modules-2\files-2.1\net.bytebuddy\byte-buddy-agent\1.17.8\f09415827a71be7ed621c7bd02550678f28bc81c\byte-buddy-agent-1.17.8.jar)
WARNING: If a serviceability tool is in use, please run with -XX:+EnableDynamicAgentLoading to hide this warning
WARNING: If a serviceability tool is not in use, please run with -Djdk.instrument.traceUsage for more information
WARNING: Dynamic loading of agents will be disallowed by default in a future release
]]></system-err>
</testsuite>
